# JRE version: Java(TM) SE Runtime Environment (8.0_25-b18) (build 1.8.0_25-b18)
# Java VM: Java HotSpot(TM) 64-Bit Server VM (25.25-b02 mixed mode windows-amd64 compressed oops)
Heap:
 PSYoungGen      total 219648K, used 213923K [0x00000000eab00000, 0x00000000fd800000, 0x0000000100000000)
  eden space 188416K, 96% used [0x00000000eab00000,0x00000000f5d69058,0x00000000f6300000)
  from space 31232K, 99% used [0x00000000fb980000,0x00000000fd7ffbf8,0x00000000fd800000)
  to   space 36864K, 0% used [0x00000000f9000000,0x00000000f9000000,0x00000000fb400000)
 ParOldGen       total 135168K, used 47737K [0x00000000c0000000, 0x00000000c8400000, 0x00000000eab00000)
  object space 135168K, 35% used [0x00000000c0000000,0x00000000c2e9e630,0x00000000c8400000)
 Metaspace       used 65632K, capacity 69356K, committed 69504K, reserved 1107968K
  class space    used 9046K, capacity 10342K, committed 10368K, reserved 1048576K
GC Heap History (10 events):
Event: 60.676 GC heap before
{Heap before GC invocations=13 (full 2):
 PSYoungGen      total 168960K, used 155136K [0x00000000eab00000, 0x00000000f6880000, 0x0000000100000000)
  eden space 155136K, 100% used [0x00000000eab00000,0x00000000f4280000,0x00000000f4280000)
  from space 13824K, 0% used [0x00000000f5480000,0x00000000f5480000,0x00000000f6200000)
  to   space 18432K, 0% used [0x00000000f4280000,0x00000000f4280000,0x00000000f5480000)
 ParOldGen       total 135168K, used 26229K [0x00000000c0000000, 0x00000000c8400000, 0x00000000eab00000)
  object space 135168K, 19% used [0x00000000c0000000,0x00000000c199d7c8,0x00000000c8400000)
 Metaspace       used 40152K, capacity 41526K, committed 41856K, reserved 1085440K
  class space    used 5406K, capacity 5906K, committed 6016K, reserved 1048576K
Event: 60.711 GC heap after
Heap after GC invocations=13 (full 2):
 PSYoungGen      total 173568K, used 18422K [0x00000000eab00000, 0x00000000f9a00000, 0x0000000100000000)
  eden space 155136K, 0% used [0x00000000eab00000,0x00000000eab00000,0x00000000f4280000)
  from space 18432K, 99% used [0x00000000f4280000,0x00000000f547d848,0x00000000f5480000)
  to   space 22016K, 0% used [0x00000000f8480000,0x00000000f8480000,0x00000000f9a00000)
 ParOldGen       total 135168K, used 28176K [0x00000000c0000000, 0x00000000c8400000, 0x00000000eab00000)
  object space 135168K, 20% used [0x00000000c0000000,0x00000000c1b841f8,0x00000000c8400000)
 Metaspace       used 40152K, capacity 41526K, committed 41856K, reserved 1085440K
  class space    used 5406K, capacity 5906K, committed 6016K, reserved 1048576K
}
Event: 63.159 GC heap before
{Heap before GC invocations=14 (full 2):
 PSYoungGen      total 173568K, used 136617K [0x00000000eab00000, 0x00000000f9a00000, 0x0000000100000000)
  eden space 155136K, 76% used [0x00000000eab00000,0x00000000f1e6cee0,0x00000000f4280000)
  from space 18432K, 99% used [0x00000000f4280000,0x00000000f547d848,0x00000000f5480000)
  to   space 22016K, 0% used [0x00000000f8480000,0x00000000f8480000,0x00000000f9a00000)
 ParOldGen       total 135168K, used 28176K [0x00000000c0000000, 0x00000000c8400000, 0x00000000eab00000)
  object space 135168K, 20% used [0x00000000c0000000,0x00000000c1b841f8,0x00000000c8400000)
 Metaspace       used 43982K, capacity 46064K, committed 46208K, reserved 1089536K
  class space    used 6028K, capacity 6741K, committed 6784K, reserved 1048576K
Event: 63.228 GC heap after
Heap after GC invocations=14 (full 2):
 PSYoungGen      total 216576K, used 22015K [0x00000000eab00000, 0x00000000fa600000, 0x0000000100000000)
  eden space 194560K, 0% used [0x00000000eab00000,0x00000000eab00000,0x00000000f6900000)
  from space 22016K, 99% used [0x00000000f8480000,0x00000000f99fff30,0x00000000f9a00000)
  to   space 28160K, 0% used [0x00000000f6900000,0x00000000f6900000,0x00000000f8480000)
 ParOldGen       total 135168K, used 33803K [0x00000000c0000000, 0x00000000c8400000, 0x00000000eab00000)
  object space 135168K, 25% used [0x00000000c0000000,0x00000000c2102f48,0x00000000c8400000)
 Metaspace       used 43982K, capacity 46064K, committed 46208K, reserved 1089536K
  class space    used 6028K, capacity 6741K, committed 6784K, reserved 1048576K
}
Event: 63.228 GC heap before
{Heap before GC invocations=15 (full 3):
 PSYoungGen      total 216576K, used 22015K [0x00000000eab00000, 0x00000000fa600000, 0x0000000100000000)
  eden space 194560K, 0% used [0x00000000eab00000,0x00000000eab00000,0x00000000f6900000)
  from space 22016K, 99% used [0x00000000f8480000,0x00000000f99fff30,0x00000000f9a00000)
  to   space 28160K, 0% used [0x00000000f6900000,0x00000000f6900000,0x00000000f8480000)
 ParOldGen       total 135168K, used 33803K [0x00000000c0000000, 0x00000000c8400000, 0x00000000eab00000)
  object space 135168K, 25% used [0x00000000c0000000,0x00000000c2102f48,0x00000000c8400000)
 Metaspace       used 43982K, capacity 46064K, committed 46208K, reserved 1089536K
  class space    used 6028K, capacity 6741K, committed 6784K, reserved 1048576K
Event: 63.660 GC heap after
Heap after GC invocations=15 (full 3):
 PSYoungGen      total 216576K, used 0K [0x00000000eab00000, 0x00000000fa600000, 0x0000000100000000)
  eden space 194560K, 0% used [0x00000000eab00000,0x00000000eab00000,0x00000000f6900000)
  from space 22016K, 0% used [0x00000000f8480000,0x00000000f8480000,0x00000000f9a00000)
  to   space 28160K, 0% used [0x00000000f6900000,0x00000000f6900000,0x00000000f8480000)
 ParOldGen       total 135168K, used 47552K [0x00000000c0000000, 0x00000000c8400000, 0x00000000eab00000)
  object space 135168K, 35% used [0x00000000c0000000,0x00000000c2e70128,0x00000000c8400000)
 Metaspace       used 43949K, capacity 45950K, committed 46208K, reserved 1089536K
  class space    used 6022K, capacity 6707K, committed 6784K, reserved 1048576K
}
Event: 77.554 GC heap before
{Heap before GC invocations=16 (full 3):
 PSYoungGen      total 216576K, used 194560K [0x00000000eab00000, 0x00000000fa600000, 0x0000000100000000)
  eden space 194560K, 100% used [0x00000000eab00000,0x00000000f6900000,0x00000000f6900000)
  from space 22016K, 0% used [0x00000000f8480000,0x00000000f8480000,0x00000000f9a00000)
  to   space 28160K, 0% used [0x00000000f6900000,0x00000000f6900000,0x00000000f8480000)
 ParOldGen       total 135168K, used 47552K [0x00000000c0000000, 0x00000000c8400000, 0x00000000eab00000)
  object space 135168K, 35% used [0x00000000c0000000,0x00000000c2e70128,0x00000000c8400000)
 Metaspace       used 51355K, capacity 53962K, committed 54144K, reserved 1095680K
  class space    used 7023K, capacity 7937K, committed 8064K, reserved 1048576K
Event: 77.593 GC heap after
Heap after GC invocations=16 (full 3):
 PSYoungGen      total 222720K, used 23405K [0x00000000eab00000, 0x00000000fd800000, 0x0000000100000000)
  eden space 194560K, 0% used [0x00000000eab00000,0x00000000eab00000,0x00000000f6900000)
  from space 28160K, 83% used [0x00000000f6900000,0x00000000f7fdb4b0,0x00000000f8480000)
  to   space 31232K, 0% used [0x00000000fb980000,0x00000000fb980000,0x00000000fd800000)
 ParOldGen       total 135168K, used 47560K [0x00000000c0000000, 0x00000000c8400000, 0x00000000eab00000)
  object space 135168K, 35% used [0x00000000c0000000,0x00000000c2e72128,0x00000000c8400000)
 Metaspace       used 51355K, capacity 53962K, committed 54144K, reserved 1095680K
  class space    used 7023K, capacity 7937K, committed 8064K, reserved 1048576K
}
Event: 2094.443 GC heap before
{Heap before GC invocations=17 (full 3):
 PSYoungGen      total 222720K, used 217965K [0x00000000eab00000, 0x00000000fd800000, 0x0000000100000000)
  eden space 194560K, 100% used [0x00000000eab00000,0x00000000f6900000,0x00000000f6900000)
  from space 28160K, 83% used [0x00000000f6900000,0x00000000f7fdb4b0,0x00000000f8480000)
  to   space 31232K, 0% used [0x00000000fb980000,0x00000000fb980000,0x00000000fd800000)
 ParOldGen       total 135168K, used 47560K [0x00000000c0000000, 0x00000000c8400000, 0x00000000eab00000)
  object space 135168K, 35% used [0x00000000c0000000,0x00000000c2e72128,0x00000000c8400000)
 Metaspace       used 58596K, capacity 61778K, committed 61952K, reserved 1101824K
  class space    used 8060K, capacity 9202K, committed 9216K, reserved 1048576K
Event: 2094.478 GC heap after
Heap after GC invocations=17 (full 3):
 PSYoungGen      total 219648K, used 31230K [0x00000000eab00000, 0x00000000fd800000, 0x0000000100000000)
  eden space 188416K, 0% used [0x00000000eab00000,0x00000000eab00000,0x00000000f6300000)
  from space 31232K, 99% used [0x00000000fb980000,0x00000000fd7ffbf8,0x00000000fd800000)
  to   space 36864K, 0% used [0x00000000f9000000,0x00000000f9000000,0x00000000fb400000)
 ParOldGen       total 135168K, used 47737K [0x00000000c0000000, 0x00000000c8400000, 0x00000000eab00000)
  object space 135168K, 35% used [0x00000000c0000000,0x00000000c2e9e630,0x00000000c8400000)
 Metaspace       used 58596K, capacity 61778K, committed 61952K, reserved 1101824K
  class space    used 8060K, capacity 9202K, committed 9216K, reserved 1048576K
}

